<?xml version="1.0" encoding="UTF-8"?>
<!-- Generated by org.testng.reporters.JUnitXMLReporter -->
<testsuite ignored="0" hostname="MANOJ" failures="0" tests="2" name="Default test" time="16.29" errors="0" timestamp="2024-08-16T19:53:00 IST">
  <testcase classname="coverFoxTest.CoverFox_TestBaseUtility_Listner" name="validateBanners" time="5.095"/>
  <testcase classname="coverFoxTest.CoverFox_TestBaseUtility_Listner" name="validatePresentOfSortButton" time="0.064"/>
</testsuite> <!-- Default test -->
