<?xml version="1.0" encoding="UTF-8"?>
<testng-results ignored="0" total="2" passed="2" failed="0" skipped="0">
  <reporter-output>
  </reporter-output>
  <suite started-at="2024-08-16T19:52:43 IST" name="Default suite" finished-at="2024-08-16T19:53:00 IST" duration-ms="16290">
    <groups>
    </groups>
    <test started-at="2024-08-16T19:52:43 IST" name="Default test" finished-at="2024-08-16T19:53:00 IST" duration-ms="16290">
      <class name="coverFoxTest.CoverFox_TestBaseUtility_Listner">
        <test-method is-config="true" signature="launchBrowser()[pri:0, instance:coverFoxTest.CoverFox_TestBaseUtility_Listner@77fbd92c]" started-at="2024-08-16T19:52:43 IST" name="launchBrowser" finished-at="2024-08-16T19:52:50 IST" duration-ms="6443" status="PASS">
          <reporter-output>
          </reporter-output>
        </test-method> <!-- launchBrowser -->
        <test-method is-config="true" signature="preConditions()[pri:0, instance:coverFoxTest.CoverFox_TestBaseUtility_Listner@77fbd92c]" started-at="2024-08-16T19:52:50 IST" name="preConditions" finished-at="2024-08-16T19:52:54 IST" duration-ms="4501" status="PASS">
          <reporter-output>
          </reporter-output>
        </test-method> <!-- preConditions -->
        <test-method signature="validateBanners()[pri:0, instance:coverFoxTest.CoverFox_TestBaseUtility_Listner@77fbd92c]" started-at="2024-08-16T19:52:54 IST" name="validateBanners" finished-at="2024-08-16T19:52:59 IST" duration-ms="5095" status="PASS">
          <reporter-output>
          </reporter-output>
        </test-method> <!-- validateBanners -->
        <test-method signature="validatePresentOfSortButton()[pri:0, instance:coverFoxTest.CoverFox_TestBaseUtility_Listner@77fbd92c]" started-at="2024-08-16T19:52:59 IST" name="validatePresentOfSortButton" finished-at="2024-08-16T19:52:59 IST" duration-ms="64" status="PASS">
          <reporter-output>
          </reporter-output>
        </test-method> <!-- validatePresentOfSortButton -->
        <test-method is-config="true" signature="closeTestCase()[pri:0, instance:coverFoxTest.CoverFox_TestBaseUtility_Listner@77fbd92c]" started-at="2024-08-16T19:52:59 IST" name="closeTestCase" finished-at="2024-08-16T19:53:00 IST" duration-ms="161" status="PASS">
          <reporter-output>
          </reporter-output>
        </test-method> <!-- closeTestCase -->
      </class> <!-- coverFoxTest.CoverFox_TestBaseUtility_Listner -->
    </test> <!-- Default test -->
  </suite> <!-- Default suite -->
</testng-results>
